Build started 30/08/2016 04:05:14 p.m..
     1>Project "C:\Users\Usuario\Google Drive\TEMAS\CUDA\Programacion C\GA-gpu-sec\GA-gpu-sec\GA-gpu-sec.vcxproj" on node 2 (Build target(s)).
     1>AddCudaCompileDeps:
         C:\Program Files (x86)\Microsoft Visual Studio 11.0\VC\bin\cl.exe /E /nologo /showIncludes /TP /D__CUDACC__ /DWIN32 /D_DEBUG /D_CONSOLE /D_MBCS /I"C:\Program Files\NVIDIA GPU Computing Toolkit\CUDA\v7.0\include" /I"C:\Program Files\NVIDIA GPU Computing Toolkit\CUDA\v7.0\bin" /I"C:\Program Files\NVIDIA GPU Computing Toolkit\CUDA\v7.0\include" /I. /FIcuda_runtime.h /c "C:\Users\Usuario\Google Drive\TEMAS\CUDA\Programacion C\GA-gpu-sec\GA-gpu-sec\kernelGAsec.cu" 
       CudaBuild:
         Compiling CUDA source file kernelGAsec.cu...
         cmd.exe /C "C:\Users\Usuario\AppData\Local\Temp\tmpe079e0b0f2e24507a0d6437091e204c6.cmd"
         "C:\Program Files\NVIDIA GPU Computing Toolkit\CUDA\v7.0\bin\nvcc.exe" -gencode=arch=compute_20,code=\"sm_20,compute_20\" --use-local-env --cl-version 2012 -ccbin "C:\Program Files (x86)\Microsoft Visual Studio 11.0\VC\bin"  -I"C:\Program Files\NVIDIA GPU Computing Toolkit\CUDA\v7.0\include" -I"C:\Program Files\NVIDIA GPU Computing Toolkit\CUDA\v7.0\include"  -G   --keep-dir Debug -maxrregcount=0  --machine 32 --compile -cudart static  -g   -DWIN32 -D_DEBUG -D_CONSOLE -D_MBCS -Xcompiler "/EHsc /W3 /nologo /Od /Zi /RTC1 /MDd  " -o Debug\kernelGAsec.cu.obj "C:\Users\Usuario\Google Drive\TEMAS\CUDA\Programacion C\GA-gpu-sec\GA-gpu-sec\kernelGAsec.cu"
         
         C:\Users\Usuario\Google Drive\TEMAS\CUDA\Programacion C\GA-gpu-sec\GA-gpu-sec>"C:\Program Files\NVIDIA GPU Computing Toolkit\CUDA\v7.0\bin\nvcc.exe" -gencode=arch=compute_20,code=\"sm_20,compute_20\" --use-local-env --cl-version 2012 -ccbin "C:\Program Files (x86)\Microsoft Visual Studio 11.0\VC\bin"  -I"C:\Program Files\NVIDIA GPU Computing Toolkit\CUDA\v7.0\include" -I"C:\Program Files\NVIDIA GPU Computing Toolkit\CUDA\v7.0\include"  -G   --keep-dir Debug -maxrregcount=0  --machine 32 --compile -cudart static  -g   -DWIN32 -D_DEBUG -D_CONSOLE -D_MBCS -Xcompiler "/EHsc /W3 /nologo /Od /Zi /RTC1 /MDd  " -o Debug\kernelGAsec.cu.obj "C:\Users\Usuario\Google Drive\TEMAS\CUDA\Programacion C\GA-gpu-sec\GA-gpu-sec\kernelGAsec.cu" 
     1>C:/Users/Usuario/Google Drive/TEMAS/CUDA/Programacion C/GA-gpu-sec/GA-gpu-sec/kernelGAsec.cu(79): warning : variable "it" was declared but never referenced
     1>C:/Users/Usuario/Google Drive/TEMAS/CUDA/Programacion C/GA-gpu-sec/GA-gpu-sec/kernelGAsec.cu(98): warning : variable "ipop" was declared but never referenced
     1>C:/Users/Usuario/Google Drive/TEMAS/CUDA/Programacion C/GA-gpu-sec/GA-gpu-sec/kernelGAsec.cu(99): warning : variable "sum" was declared but never referenced
     1>C:/Users/Usuario/Google Drive/TEMAS/CUDA/Programacion C/GA-gpu-sec/GA-gpu-sec/kernelGAsec.cu(99): warning : variable "PI" was declared but never referenced
     1>C:/Users/Usuario/Google Drive/TEMAS/CUDA/Programacion C/GA-gpu-sec/GA-gpu-sec/kernelGAsec.cu(129): warning : variable "sum" was declared but never referenced
     1>C:/Users/Usuario/Google Drive/TEMAS/CUDA/Programacion C/GA-gpu-sec/GA-gpu-sec/kernelGAsec.cu(129): warning : variable "PI" was declared but never referenced
     1>C:/Users/Usuario/Google Drive/TEMAS/CUDA/Programacion C/GA-gpu-sec/GA-gpu-sec/kernelGAsec.cu(390): warning : variable "x" was set but never used
     1>C:/Users/Usuario/Google Drive/TEMAS/CUDA/Programacion C/GA-gpu-sec/GA-gpu-sec/kernelGAsec.cu(390): warning : variable "y" was set but never used
     1>C:/Users/Usuario/Google Drive/TEMAS/CUDA/Programacion C/GA-gpu-sec/GA-gpu-sec/kernelGAsec.cu(79): warning : variable "it" was declared but never referenced
     1>C:/Users/Usuario/Google Drive/TEMAS/CUDA/Programacion C/GA-gpu-sec/GA-gpu-sec/kernelGAsec.cu(98): warning : variable "ipop" was declared but never referenced
     1>C:/Users/Usuario/Google Drive/TEMAS/CUDA/Programacion C/GA-gpu-sec/GA-gpu-sec/kernelGAsec.cu(99): warning : variable "sum" was declared but never referenced
     1>C:/Users/Usuario/Google Drive/TEMAS/CUDA/Programacion C/GA-gpu-sec/GA-gpu-sec/kernelGAsec.cu(99): warning : variable "PI" was declared but never referenced
     1>C:/Users/Usuario/Google Drive/TEMAS/CUDA/Programacion C/GA-gpu-sec/GA-gpu-sec/kernelGAsec.cu(129): warning : variable "sum" was declared but never referenced
     1>C:/Users/Usuario/Google Drive/TEMAS/CUDA/Programacion C/GA-gpu-sec/GA-gpu-sec/kernelGAsec.cu(129): warning : variable "PI" was declared but never referenced
     1>C:/Users/Usuario/Google Drive/TEMAS/CUDA/Programacion C/GA-gpu-sec/GA-gpu-sec/kernelGAsec.cu(390): warning : variable "x" was set but never used
     1>C:/Users/Usuario/Google Drive/TEMAS/CUDA/Programacion C/GA-gpu-sec/GA-gpu-sec/kernelGAsec.cu(390): warning : variable "y" was set but never used
         kernelGAsec.cu
       Link:
         C:\Program Files (x86)\Microsoft Visual Studio 11.0\VC\bin\link.exe /ERRORREPORT:PROMPT /OUT:"C:\Users\Usuario\Google Drive\TEMAS\CUDA\Programacion C\GA-gpu-sec\Debug\GA-gpu-sec.exe" /INCREMENTAL /NOLOGO /LIBPATH:"C:\Program Files\NVIDIA GPU Computing Toolkit\CUDA\v7.0\lib\Win32" cudart.lib kernel32.lib user32.lib gdi32.lib winspool.lib comdlg32.lib advapi32.lib shell32.lib ole32.lib oleaut32.lib uuid.lib odbc32.lib odbccp32.lib kernel32.lib user32.lib gdi32.lib winspool.lib comdlg32.lib advapi32.lib shell32.lib ole32.lib oleaut32.lib uuid.lib odbc32.lib odbccp32.lib /MANIFEST /MANIFESTUAC:"level='asInvoker' uiAccess='false'" /manifest:embed /DEBUG /PDB:"C:\Users\Usuario\Google Drive\TEMAS\CUDA\Programacion C\GA-gpu-sec\Debug\GA-gpu-sec.pdb" /SUBSYSTEM:CONSOLE /TLBID:1 /DYNAMICBASE /NXCOMPAT /IMPLIB:"C:\Users\Usuario\Google Drive\TEMAS\CUDA\Programacion C\GA-gpu-sec\Debug\GA-gpu-sec.lib" /MACHINE:X86 Debug\kernelGAsec.cu.obj
         GA-gpu-sec.vcxproj -> C:\Users\Usuario\Google Drive\TEMAS\CUDA\Programacion C\GA-gpu-sec\Debug\GA-gpu-sec.exe
       PostBuildEvent:
         echo copy "C:\Program Files\NVIDIA GPU Computing Toolkit\CUDA\v7.0\bin\cudart*.dll" "C:\Users\Usuario\Google Drive\TEMAS\CUDA\Programacion C\GA-gpu-sec\Debug\"
         copy "C:\Program Files\NVIDIA GPU Computing Toolkit\CUDA\v7.0\bin\cudart*.dll" "C:\Users\Usuario\Google Drive\TEMAS\CUDA\Programacion C\GA-gpu-sec\Debug\"
         :VCEnd
         copy "C:\Program Files\NVIDIA GPU Computing Toolkit\CUDA\v7.0\bin\cudart*.dll" "C:\Users\Usuario\Google Drive\TEMAS\CUDA\Programacion C\GA-gpu-sec\Debug\"
         C:\Program Files\NVIDIA GPU Computing Toolkit\CUDA\v7.0\bin\cudart32_70.dll
         C:\Program Files\NVIDIA GPU Computing Toolkit\CUDA\v7.0\bin\cudart64_70.dll
                 2 archivo(s) copiado(s).
     1>Done Building Project "C:\Users\Usuario\Google Drive\TEMAS\CUDA\Programacion C\GA-gpu-sec\GA-gpu-sec\GA-gpu-sec.vcxproj" (Build target(s)).

Build succeeded.

Time Elapsed 00:00:10.22
