C:\USERS\USUARIO\GOOGLE DRIVE\TEMAS\CUDA\PROGRAMACION C\GA-GPU-SEC\DEBUG\GA-GPU-SEC.ILK
C:\USERS\USUARIO\GOOGLE DRIVE\TEMAS\CUDA\PROGRAMACION C\GA-GPU-SEC\DEBUG\GA-GPU-SEC.EXE
C:\USERS\USUARIO\GOOGLE DRIVE\TEMAS\CUDA\PROGRAMACION C\GA-GPU-SEC\DEBUG\GA-GPU-SEC.PDB
C:\Users\Usuario\Google Drive\TEMAS\CUDA\Programacion C\GA-gpu-sec\GA-gpu-sec\Debug\kernelGAsec.cu.cache
C:\Users\Usuario\Google Drive\TEMAS\CUDA\Programacion C\GA-gpu-sec\GA-gpu-sec\Debug\kernelGAsec.cu.obj
C:\Users\Usuario\Google Drive\TEMAS\CUDA\Programacion C\GA-gpu-sec\GA-gpu-sec\Debug\link-cvtres.read.1.tlog
C:\Users\Usuario\Google Drive\TEMAS\CUDA\Programacion C\GA-gpu-sec\GA-gpu-sec\Debug\link-cvtres.write.1.tlog
C:\Users\Usuario\Google Drive\TEMAS\CUDA\Programacion C\GA-gpu-sec\GA-gpu-sec\Debug\link-rc.read.1.tlog
C:\Users\Usuario\Google Drive\TEMAS\CUDA\Programacion C\GA-gpu-sec\GA-gpu-sec\Debug\link-rc.write.1.tlog
C:\Users\Usuario\Google Drive\TEMAS\CUDA\Programacion C\GA-gpu-sec\GA-gpu-sec\Debug\link.1584-cvtres.read.1.tlog
C:\Users\Usuario\Google Drive\TEMAS\CUDA\Programacion C\GA-gpu-sec\GA-gpu-sec\Debug\link.1584-cvtres.write.1.tlog
C:\Users\Usuario\Google Drive\TEMAS\CUDA\Programacion C\GA-gpu-sec\GA-gpu-sec\Debug\link.1584-rc.read.1.tlog
C:\Users\Usuario\Google Drive\TEMAS\CUDA\Programacion C\GA-gpu-sec\GA-gpu-sec\Debug\link.1584-rc.write.1.tlog
C:\Users\Usuario\Google Drive\TEMAS\CUDA\Programacion C\GA-gpu-sec\GA-gpu-sec\Debug\link.1584.read.1.tlog
C:\Users\Usuario\Google Drive\TEMAS\CUDA\Programacion C\GA-gpu-sec\GA-gpu-sec\Debug\link.1584.write.1.tlog
C:\Users\Usuario\Google Drive\TEMAS\CUDA\Programacion C\GA-gpu-sec\GA-gpu-sec\Debug\link.6444-cvtres.read.1.tlog
C:\Users\Usuario\Google Drive\TEMAS\CUDA\Programacion C\GA-gpu-sec\GA-gpu-sec\Debug\link.6444-cvtres.write.1.tlog
C:\Users\Usuario\Google Drive\TEMAS\CUDA\Programacion C\GA-gpu-sec\GA-gpu-sec\Debug\link.6444-rc.read.1.tlog
C:\Users\Usuario\Google Drive\TEMAS\CUDA\Programacion C\GA-gpu-sec\GA-gpu-sec\Debug\link.6444-rc.write.1.tlog
C:\Users\Usuario\Google Drive\TEMAS\CUDA\Programacion C\GA-gpu-sec\GA-gpu-sec\Debug\link.6444.read.1.tlog
C:\Users\Usuario\Google Drive\TEMAS\CUDA\Programacion C\GA-gpu-sec\GA-gpu-sec\Debug\link.6444.write.1.tlog
C:\Users\Usuario\Google Drive\TEMAS\CUDA\Programacion C\GA-gpu-sec\GA-gpu-sec\Debug\link.6644-cvtres.read.1.tlog
C:\Users\Usuario\Google Drive\TEMAS\CUDA\Programacion C\GA-gpu-sec\GA-gpu-sec\Debug\link.6644-cvtres.write.1.tlog
C:\Users\Usuario\Google Drive\TEMAS\CUDA\Programacion C\GA-gpu-sec\GA-gpu-sec\Debug\link.6644-rc.read.1.tlog
C:\Users\Usuario\Google Drive\TEMAS\CUDA\Programacion C\GA-gpu-sec\GA-gpu-sec\Debug\link.6644-rc.write.1.tlog
C:\Users\Usuario\Google Drive\TEMAS\CUDA\Programacion C\GA-gpu-sec\GA-gpu-sec\Debug\link.6644.read.1.tlog
C:\Users\Usuario\Google Drive\TEMAS\CUDA\Programacion C\GA-gpu-sec\GA-gpu-sec\Debug\link.6644.write.1.tlog
C:\Users\Usuario\Google Drive\TEMAS\CUDA\Programacion C\GA-gpu-sec\GA-gpu-sec\Debug\link.command.1.tlog
C:\Users\Usuario\Google Drive\TEMAS\CUDA\Programacion C\GA-gpu-sec\GA-gpu-sec\Debug\link.read.1.tlog
C:\Users\Usuario\Google Drive\TEMAS\CUDA\Programacion C\GA-gpu-sec\GA-gpu-sec\Debug\link.write.1.tlog
C:\Users\Usuario\Google Drive\TEMAS\CUDA\Programacion C\GA-gpu-sec\Debug\GA-gpu-sec.pdb
C:\Users\Usuario\Google Drive\TEMAS\CUDA\Programacion C\GA-gpu-sec\Debug\GA-gpu-sec.exe
C:\Users\Usuario\Google Drive\TEMAS\CUDA\Programacion C\GA-gpu-sec\Debug\GA-gpu-sec.ilk
